[debug] [2025-04-03T23:31:20.077Z] ----------------------------------------------------------------------
[debug] [2025-04-03T23:31:20.079Z] Command:       C:\Program Files\nodejs\node.exe C:\Users\Edison\AppData\Roaming\npm\node_modules\firebase-tools\lib\bin\firebase.js init
[debug] [2025-04-03T23:31:20.079Z] CLI Version:   14.1.0
[debug] [2025-04-03T23:31:20.079Z] Platform:      win32
[debug] [2025-04-03T23:31:20.079Z] Node Version:  v22.14.0
[debug] [2025-04-03T23:31:20.080Z] Time:          Thu Apr 03 2025 20:31:20 GMT-0300 (Horário Padrão de Brasília)
[debug] [2025-04-03T23:31:20.080Z] ----------------------------------------------------------------------
[debug] 
[debug] [2025-04-03T23:31:20.084Z] > command requires scopes: ["email","openid","https://www.googleapis.com/auth/cloudplatformprojects.readonly","https://www.googleapis.com/auth/firebase","https://www.googleapis.com/auth/cloud-platform"]
[debug] [2025-04-03T23:31:20.084Z] > authorizing via signed-in user (edison_travain@outlook.com)
[info] 
     ######## #### ########  ######## ########     ###     ######  ########
     ##        ##  ##     ## ##       ##     ##  ##   ##  ##       ##
     ######    ##  ########  ######   ########  #########  ######  ######
     ##        ##  ##    ##  ##       ##     ## ##     ##       ## ##
     ##       #### ##     ## ######## ########  ##     ##  ######  ########

You're about to initialize a Firebase project in this directory:

  C:\VSCODE-PROJETOS\ESTUDOS\PROJETO-ESTUDOS\Orçamento

Before we get started, keep in mind:

  * You are currently outside your home directory

[info] 
=== Project Setup
[info] 
[info] First, let's associate this project directory with a Firebase project.
[info] You can create multiple project aliases by running firebase use --add, 
[info] but for now we'll just set up a default project.
[info] 
[debug] [2025-04-03T23:32:06.262Z] Checked if tokens are valid: true, expires at: 1743726591003
[debug] [2025-04-03T23:32:06.262Z] Checked if tokens are valid: true, expires at: 1743726591003
[debug] [2025-04-03T23:32:06.263Z] >>> [apiv2][query] GET https://firebase.googleapis.com/v1beta1/projects pageSize=100
[debug] [2025-04-03T23:32:06.916Z] <<< [apiv2][status] GET https://firebase.googleapis.com/v1beta1/projects 200
[debug] [2025-04-03T23:32:06.916Z] <<< [apiv2][body] GET https://firebase.googleapis.com/v1beta1/projects [omitted]
[info] i  Using project gerenciador-servicos (gerenciador-servicos) 
[info] 
=== Hosting Setup
[debug] [2025-04-03T23:32:13.216Z] Checked if tokens are valid: true, expires at: 1743726591003
[debug] [2025-04-03T23:32:13.216Z] Checked if tokens are valid: true, expires at: 1743726591003
[debug] [2025-04-03T23:32:13.216Z] >>> [apiv2][query] GET https://firebase.googleapis.com/v1beta1/projects/gerenciador-servicos [none]
[debug] [2025-04-03T23:32:13.642Z] <<< [apiv2][status] GET https://firebase.googleapis.com/v1beta1/projects/gerenciador-servicos 200
[debug] [2025-04-03T23:32:13.643Z] <<< [apiv2][body] GET https://firebase.googleapis.com/v1beta1/projects/gerenciador-servicos {"projectId":"gerenciador-servicos","projectNumber":"557824843547","displayName":"gerenciador-servicos","name":"projects/gerenciador-servicos","resources":{"hostingSite":"gerenciador-servicos"},"state":"ACTIVE","etag":"1_88172771-8811-4562-968e-1b13c33e9f76"}
[info] 
[info] Your public directory is the folder (relative to your project directory) that
[info] will contain Hosting assets to be uploaded with firebase deploy. If you
[info] have a build process for your assets, use your build's output directory.
[info] 
[debug] [2025-04-03T23:32:37.754Z] >>> [apiv2][query] GET https://www.gstatic.com/firebasejs/releases.json [none]
[debug] [2025-04-03T23:32:37.845Z] <<< [apiv2][status] GET https://www.gstatic.com/firebasejs/releases.json 200
[debug] [2025-04-03T23:32:37.845Z] <<< [apiv2][body] GET https://www.gstatic.com/firebasejs/releases.json {"current":{"version":"11.6.0","browserURL":"https://www.gstatic.com/firebasejs/11.6.0/firebase.js","packageURL":"https://www.gstatic.com/firebasejs/11.6.0/firebase.tgz"},"live":{"version":"11.6","browserURL":"https://www.gstatic.com/firebasejs/live/11.6/firebase.js","packageURL":"https://www.gstatic.com/firebasejs/live/11.6/firebase.tgz"},"components":{"analytics":"https://www.gstatic.com/firebasejs/11.6.0/firebase-analytics.js","app":"https://www.gstatic.com/firebasejs/11.6.0/firebase-app.js","app-check":"https://www.gstatic.com/firebasejs/11.6.0/firebase-app-check.js","auth":"https://www.gstatic.com/firebasejs/11.6.0/firebase-auth.js","auth/cordova":"https://www.gstatic.com/firebasejs/11.6.0/firebase-auth/cordova.js","auth/web-extension":"https://www.gstatic.com/firebasejs/11.6.0/firebase-auth/web-extension.js","functions":"https://www.gstatic.com/firebasejs/11.6.0/firebase-functions.js","firestore":"https://www.gstatic.com/firebasejs/11.6.0/firebase-firestore.js","firestore/lite":"https://www.gstatic.com/firebasejs/11.6.0/firebase-firestore/lite.js","installations":"https://www.gstatic.com/firebasejs/11.6.0/firebase-installations.js","storage":"https://www.gstatic.com/firebasejs/11.6.0/firebase-storage.js","performance":"https://www.gstatic.com/firebasejs/11.6.0/firebase-performance.js","remote-config":"https://www.gstatic.com/firebasejs/11.6.0/firebase-remote-config.js","messaging":"https://www.gstatic.com/firebasejs/11.6.0/firebase-messaging.js","messaging/sw":"https://www.gstatic.com/firebasejs/11.6.0/firebase-messaging/sw.js","database":"https://www.gstatic.com/firebasejs/11.6.0/firebase-database.js","vertexai":"https://www.gstatic.com/firebasejs/11.6.0/firebase-vertexai.js","data-connect":"https://www.gstatic.com/firebasejs/11.6.0/firebase-data-connect.js","firestore.memory":"https://www.gstatic.com/firebasejs/11.6.0/firebase-firestore.memory.js"}}
[info] +  Wrote public/index.html 
[info] 
[info] i  Detected a .git folder at C:\VSCODE-PROJETOS\ESTUDOS 
[info] i  Authorizing with GitHub to upload your service account to a GitHub repository's secrets store. 
[info] 
[info] Visit this URL on this device to log in:
[info] https://github.com/login/oauth/authorize?client_id=89cf50f02ac6aaed3484&state=1032068264&redirect_uri=http%3A%2F%2Flocalhost%3A9005&scope=read%3Auser%20repo%20public_repo
[info] 
[info] Waiting for authentication...
[debug] [2025-04-03T23:32:42.662Z] >>> [apiv2][query] POST https://github.com/login/oauth/access_token [none]
[debug] [2025-04-03T23:32:42.662Z] >>> [apiv2][body] POST https://github.com/login/oauth/access_token [stream]
[debug] [2025-04-03T23:32:42.949Z] <<< [apiv2][status] POST https://github.com/login/oauth/access_token 200
[debug] [2025-04-03T23:32:42.949Z] <<< [apiv2][body] POST https://github.com/login/oauth/access_token {"access_token":"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","token_type":"bearer","scope":"read:user,repo"}
[debug] [2025-04-03T23:32:42.952Z] >>> [apiv2][query] GET https://api.github.com/user [none]
[debug] [2025-04-03T23:32:43.238Z] <<< [apiv2][status] GET https://api.github.com/user 200
[debug] [2025-04-03T23:32:43.238Z] <<< [apiv2][body] GET https://api.github.com/user {"login":"DaRkNeSs-ByTs","id":205252504,"node_id":"U_kgDODDvnmA","avatar_url":"https://avatars.githubusercontent.com/u/205252504?v=4","gravatar_id":"","url":"https://api.github.com/users/DaRkNeSs-ByTs","html_url":"https://github.com/DaRkNeSs-ByTs","followers_url":"https://api.github.com/users/DaRkNeSs-ByTs/followers","following_url":"https://api.github.com/users/DaRkNeSs-ByTs/following{/other_user}","gists_url":"https://api.github.com/users/DaRkNeSs-ByTs/gists{/gist_id}","starred_url":"https://api.github.com/users/DaRkNeSs-ByTs/starred{/owner}{/repo}","subscriptions_url":"https://api.github.com/users/DaRkNeSs-ByTs/subscriptions","organizations_url":"https://api.github.com/users/DaRkNeSs-ByTs/orgs","repos_url":"https://api.github.com/users/DaRkNeSs-ByTs/repos","events_url":"https://api.github.com/users/DaRkNeSs-ByTs/events{/privacy}","received_events_url":"https://api.github.com/users/DaRkNeSs-ByTs/received_events","type":"User","user_view_type":"private","site_admin":false,"name":"Edison Travain","company":null,"blog":"","location":null,"email":null,"hireable":null,"bio":null,"twitter_username":null,"notification_email":null,"public_repos":4,"public_gists":0,"followers":1,"following":3,"created_at":"2025-03-28T00:45:55Z","updated_at":"2025-03-31T01:27:52Z","private_gists":0,"total_private_repos":2,"owned_private_repos":2,"disk_usage":9968,"collaborators":0,"two_factor_authentication":false,"plan":{"name":"free","space":976562499,"collaborators":0,"private_repos":10000}}
[info] 
[info] +  Success! Logged into GitHub as DaRkNeSs-ByTs 
[info] 
[debug] [2025-04-03T23:32:49.355Z] >>> [apiv2][query] GET https://api.github.com/repos//actions/secrets/public-key type=owner
[debug] [2025-04-03T23:32:49.581Z] <<< [apiv2][status] GET https://api.github.com/repos//actions/secrets/public-key 404
[debug] [2025-04-03T23:32:49.581Z] <<< [apiv2][body] GET https://api.github.com/repos//actions/secrets/public-key {"message":"Not Found","documentation_url":"https://docs.github.com/rest","status":"404"}
[info] 
[info] 
[error] !  The provided authorization cannot be used with this repository. If this repository is in an organization, did you remember to grant access? 
[info] 
[info] i  Action required: Visit this URL to ensure access has been granted to the appropriate organization(s) for the Firebase CLI GitHub OAuth App: 
[info] https://github.com/settings/connections/applications/89cf50f02ac6aaed3484
[info] 
[debug] [2025-04-03T23:33:00.226Z] >>> [apiv2][query] GET https://api.github.com/repos//actions/secrets/public-key type=owner
[debug] [2025-04-03T23:33:00.454Z] <<< [apiv2][status] GET https://api.github.com/repos//actions/secrets/public-key 404
[debug] [2025-04-03T23:33:00.454Z] <<< [apiv2][body] GET https://api.github.com/repos//actions/secrets/public-key {"message":"Not Found","documentation_url":"https://docs.github.com/rest","status":"404"}
[info] 
[info] 
[error] !  The provided authorization cannot be used with this repository. If this repository is in an organization, did you remember to grant access? 
[info] 
[info] i  Action required: Visit this URL to ensure access has been granted to the appropriate organization(s) for the Firebase CLI GitHub OAuth App: 
[info] https://github.com/settings/connections/applications/89cf50f02ac6aaed3484
[info] 
[debug] [2025-04-03T23:33:29.939Z] >>> [apiv2][query] GET https://api.github.com/repos//actions/secrets/public-key type=owner
[debug] [2025-04-03T23:33:30.160Z] <<< [apiv2][status] GET https://api.github.com/repos//actions/secrets/public-key 404
[debug] [2025-04-03T23:33:30.160Z] <<< [apiv2][body] GET https://api.github.com/repos//actions/secrets/public-key {"message":"Not Found","documentation_url":"https://docs.github.com/rest","status":"404"}
[info] 
[info] 
[error] !  The provided authorization cannot be used with this repository. If this repository is in an organization, did you remember to grant access? 
[info] 
[info] i  Action required: Visit this URL to ensure access has been granted to the appropriate organization(s) for the Firebase CLI GitHub OAuth App: 
[info] https://github.com/settings/connections/applications/89cf50f02ac6aaed3484
[info] 
